Classic Timing Analyzer report for Lab3
Tue Oct 10 15:38:51 2017
Quartus II Version 9.0 Build 184 04/29/2009 Service Pack 1 SJ Web Edition


---------------------
; Table of Contents ;
---------------------
  1. Legal Notice
  2. Timing Analyzer Summary
  3. Timing Analyzer Settings
  4. Clock Settings Summary
  5. Parallel Compilation
  6. Clock Setup: 'clk'
  7. tsu
  8. tco
  9. th
 10. Timing Analyzer Messages



----------------
; Legal Notice ;
----------------
Copyright (C) 1991-2009 Altera Corporation
Your use of Altera Corporation's design tools, logic functions 
and other software and tools, and its AMPP partner logic 
functions, and any output files from any of the foregoing 
(including device programming or simulation files), and any 
associated documentation or information are expressly subject 
to the terms and conditions of the Altera Program License 
Subscription Agreement, Altera MegaCore Function License 
Agreement, or other applicable license agreement, including, 
without limitation, that your use is for the sole purpose of 
programming logic devices manufactured by Altera and sold by 
Altera or its authorized distributors.  Please refer to the 
applicable agreement for further details.



+--------------------------------------------------------------------------------------------------------------------------------------------------------------------------------------------------------------+
; Timing Analyzer Summary                                                                                                                                                                                      ;
+------------------------------+-------+---------------+----------------------------------+--------------------------------------+--------------------------------------+------------+----------+--------------+
; Type                         ; Slack ; Required Time ; Actual Time                      ; From                                 ; To                                   ; From Clock ; To Clock ; Failed Paths ;
+------------------------------+-------+---------------+----------------------------------+--------------------------------------+--------------------------------------+------------+----------+--------------+
; Worst-case tsu               ; N/A   ; None          ; 3.775 ns                         ; mode                                 ; vga_control:inst|output_colour[3]    ; --         ; clk      ; 0            ;
; Worst-case tco               ; N/A   ; None          ; 7.943 ns                         ; vga_control:inst|count_1066_next[6]  ; vfin                                 ; clk        ; --       ; 0            ;
; Worst-case th                ; N/A   ; None          ; -2.960 ns                        ; mode                                 ; vga_control:inst|output_colour[3]    ; --         ; clk      ; 0            ;
; Clock Setup: 'clk'           ; N/A   ; None          ; 401.77 MHz ( period = 2.489 ns ) ; vga_control:inst|count_1688_next[10] ; vga_control:inst|count_1066_next[10] ; clk        ; clk      ; 0            ;
; Total number of failed paths ;       ;               ;                                  ;                                      ;                                      ;            ;          ; 0            ;
+------------------------------+-------+---------------+----------------------------------+--------------------------------------+--------------------------------------+------------+----------+--------------+


+--------------------------------------------------------------------------------------------------------------------+
; Timing Analyzer Settings                                                                                           ;
+---------------------------------------------------------------------+--------------------+------+----+-------------+
; Option                                                              ; Setting            ; From ; To ; Entity Name ;
+---------------------------------------------------------------------+--------------------+------+----+-------------+
; Device Name                                                         ; EP2S15F484C3       ;      ;    ;             ;
; Timing Models                                                       ; Final              ;      ;    ;             ;
; Default hold multicycle                                             ; Same as Multicycle ;      ;    ;             ;
; Cut paths between unrelated clock domains                           ; On                 ;      ;    ;             ;
; Cut off read during write signal paths                              ; On                 ;      ;    ;             ;
; Cut off feedback from I/O pins                                      ; On                 ;      ;    ;             ;
; Report Combined Fast/Slow Timing                                    ; Off                ;      ;    ;             ;
; Ignore Clock Settings                                               ; Off                ;      ;    ;             ;
; Analyze latches as synchronous elements                             ; On                 ;      ;    ;             ;
; Enable Recovery/Removal analysis                                    ; Off                ;      ;    ;             ;
; Enable Clock Latency                                                ; Off                ;      ;    ;             ;
; Use TimeQuest Timing Analyzer                                       ; Off                ;      ;    ;             ;
; Number of source nodes to report per destination node               ; 10                 ;      ;    ;             ;
; Number of destination nodes to report                               ; 10                 ;      ;    ;             ;
; Number of paths to report                                           ; 200                ;      ;    ;             ;
; Report Minimum Timing Checks                                        ; Off                ;      ;    ;             ;
; Use Fast Timing Models                                              ; Off                ;      ;    ;             ;
; Report IO Paths Separately                                          ; Off                ;      ;    ;             ;
; Perform Multicorner Analysis                                        ; On                 ;      ;    ;             ;
; Reports the worst-case path for each clock domain and analysis      ; Off                ;      ;    ;             ;
; Removes common clock path pessimism (CCPP) during slack computation ; Off                ;      ;    ;             ;
; Output I/O Timing Endpoint                                          ; Near End           ;      ;    ;             ;
+---------------------------------------------------------------------+--------------------+------+----+-------------+


+------------------------------------------------------------------------------------------------------------------------------------------------------------------------------------+
; Clock Settings Summary                                                                                                                                                             ;
+-----------------+--------------------+----------+------------------+---------------+--------------+----------+-----------------------+---------------------+--------+--------------+
; Clock Node Name ; Clock Setting Name ; Type     ; Fmax Requirement ; Early Latency ; Late Latency ; Based on ; Multiply Base Fmax by ; Divide Base Fmax by ; Offset ; Phase offset ;
+-----------------+--------------------+----------+------------------+---------------+--------------+----------+-----------------------+---------------------+--------+--------------+
; clk             ;                    ; User Pin ; None             ; 0.000 ns      ; 0.000 ns     ; --       ; N/A                   ; N/A                 ; N/A    ;              ;
+-----------------+--------------------+----------+------------------+---------------+--------------+----------+-----------------------+---------------------+--------+--------------+


Parallel compilation was disabled, but you have multiple processors available. Enable parallel compilation to reduce compilation time.
+-------------------------------------+
; Parallel Compilation                ;
+----------------------------+--------+
; Processors                 ; Number ;
+----------------------------+--------+
; Number detected on machine ; 2      ;
; Maximum allowed            ; 1      ;
+----------------------------+--------+


+-----------------------------------------------------------------------------------------------------------------------------------------------------------------------------------------------------------------------------------------------------------------------------------------+
; Clock Setup: 'clk'                                                                                                                                                                                                                                                                      ;
+-----------------------------------------+-----------------------------------------------------+--------------------------------------+--------------------------------------+------------+----------+-----------------------------+---------------------------+-------------------------+
; Slack                                   ; Actual fmax (period)                                ; From                                 ; To                                   ; From Clock ; To Clock ; Required Setup Relationship ; Required Longest P2P Time ; Actual Longest P2P Time ;
+-----------------------------------------+-----------------------------------------------------+--------------------------------------+--------------------------------------+------------+----------+-----------------------------+---------------------------+-------------------------+
; N/A                                     ; 401.77 MHz ( period = 2.489 ns )                    ; vga_control:inst|count_1688_next[10] ; vga_control:inst|count_1066_next[10] ; clk        ; clk      ; None                        ; None                      ; 2.307 ns                ;
; N/A                                     ; 406.01 MHz ( period = 2.463 ns )                    ; vga_control:inst|count_1066_next[6]  ; vga_control:inst|count_1066_next[10] ; clk        ; clk      ; None                        ; None                      ; 2.279 ns                ;
; N/A                                     ; 406.01 MHz ( period = 2.463 ns )                    ; vga_control:inst|count_1066_next[6]  ; vga_control:inst|count_1066_next[5]  ; clk        ; clk      ; None                        ; None                      ; 2.279 ns                ;
; N/A                                     ; 406.01 MHz ( period = 2.463 ns )                    ; vga_control:inst|count_1066_next[6]  ; vga_control:inst|count_1066_next[3]  ; clk        ; clk      ; None                        ; None                      ; 2.279 ns                ;
; N/A                                     ; 406.01 MHz ( period = 2.463 ns )                    ; vga_control:inst|count_1066_next[6]  ; vga_control:inst|count_1066_next[0]  ; clk        ; clk      ; None                        ; None                      ; 2.279 ns                ;
; N/A                                     ; 406.01 MHz ( period = 2.463 ns )                    ; vga_control:inst|count_1066_next[6]  ; vga_control:inst|count_1066_next[9]  ; clk        ; clk      ; None                        ; None                      ; 2.279 ns                ;
; N/A                                     ; 406.01 MHz ( period = 2.463 ns )                    ; vga_control:inst|count_1066_next[6]  ; vga_control:inst|count_1066_next[6]  ; clk        ; clk      ; None                        ; None                      ; 2.279 ns                ;
; N/A                                     ; 406.01 MHz ( period = 2.463 ns )                    ; vga_control:inst|count_1066_next[6]  ; vga_control:inst|count_1066_next[2]  ; clk        ; clk      ; None                        ; None                      ; 2.279 ns                ;
; N/A                                     ; 406.01 MHz ( period = 2.463 ns )                    ; vga_control:inst|count_1066_next[6]  ; vga_control:inst|count_1066_next[4]  ; clk        ; clk      ; None                        ; None                      ; 2.279 ns                ;
; N/A                                     ; 406.01 MHz ( period = 2.463 ns )                    ; vga_control:inst|count_1066_next[6]  ; vga_control:inst|count_1066_next[1]  ; clk        ; clk      ; None                        ; None                      ; 2.279 ns                ;
; N/A                                     ; 406.01 MHz ( period = 2.463 ns )                    ; vga_control:inst|count_1066_next[6]  ; vga_control:inst|count_1066_next[8]  ; clk        ; clk      ; None                        ; None                      ; 2.279 ns                ;
; N/A                                     ; 406.01 MHz ( period = 2.463 ns )                    ; vga_control:inst|count_1066_next[6]  ; vga_control:inst|count_1066_next[7]  ; clk        ; clk      ; None                        ; None                      ; 2.279 ns                ;
; N/A                                     ; 407.50 MHz ( period = 2.454 ns )                    ; vga_control:inst|count_1688_next[10] ; vga_control:inst|count_1066_next[9]  ; clk        ; clk      ; None                        ; None                      ; 2.272 ns                ;
; N/A                                     ; 413.39 MHz ( period = 2.419 ns )                    ; vga_control:inst|count_1688_next[10] ; vga_control:inst|count_1066_next[8]  ; clk        ; clk      ; None                        ; None                      ; 2.237 ns                ;
; N/A                                     ; 419.64 MHz ( period = 2.383 ns )                    ; vga_control:inst|count_1066_next[10] ; vga_control:inst|count_1066_next[10] ; clk        ; clk      ; None                        ; None                      ; 2.199 ns                ;
; N/A                                     ; 419.64 MHz ( period = 2.383 ns )                    ; vga_control:inst|count_1066_next[10] ; vga_control:inst|count_1066_next[5]  ; clk        ; clk      ; None                        ; None                      ; 2.199 ns                ;
; N/A                                     ; 419.64 MHz ( period = 2.383 ns )                    ; vga_control:inst|count_1066_next[10] ; vga_control:inst|count_1066_next[3]  ; clk        ; clk      ; None                        ; None                      ; 2.199 ns                ;
; N/A                                     ; 419.64 MHz ( period = 2.383 ns )                    ; vga_control:inst|count_1066_next[10] ; vga_control:inst|count_1066_next[0]  ; clk        ; clk      ; None                        ; None                      ; 2.199 ns                ;
; N/A                                     ; 419.64 MHz ( period = 2.383 ns )                    ; vga_control:inst|count_1066_next[10] ; vga_control:inst|count_1066_next[9]  ; clk        ; clk      ; None                        ; None                      ; 2.199 ns                ;
; N/A                                     ; 419.64 MHz ( period = 2.383 ns )                    ; vga_control:inst|count_1066_next[10] ; vga_control:inst|count_1066_next[6]  ; clk        ; clk      ; None                        ; None                      ; 2.199 ns                ;
; N/A                                     ; 419.64 MHz ( period = 2.383 ns )                    ; vga_control:inst|count_1066_next[10] ; vga_control:inst|count_1066_next[2]  ; clk        ; clk      ; None                        ; None                      ; 2.199 ns                ;
; N/A                                     ; 419.64 MHz ( period = 2.383 ns )                    ; vga_control:inst|count_1066_next[10] ; vga_control:inst|count_1066_next[4]  ; clk        ; clk      ; None                        ; None                      ; 2.199 ns                ;
; N/A                                     ; 419.64 MHz ( period = 2.383 ns )                    ; vga_control:inst|count_1066_next[10] ; vga_control:inst|count_1066_next[1]  ; clk        ; clk      ; None                        ; None                      ; 2.199 ns                ;
; N/A                                     ; 419.64 MHz ( period = 2.383 ns )                    ; vga_control:inst|count_1066_next[10] ; vga_control:inst|count_1066_next[8]  ; clk        ; clk      ; None                        ; None                      ; 2.199 ns                ;
; N/A                                     ; 419.64 MHz ( period = 2.383 ns )                    ; vga_control:inst|count_1066_next[10] ; vga_control:inst|count_1066_next[7]  ; clk        ; clk      ; None                        ; None                      ; 2.199 ns                ;
; N/A                                     ; 421.59 MHz ( period = 2.372 ns )                    ; vga_control:inst|count_1688_next[9]  ; vga_control:inst|count_1066_next[10] ; clk        ; clk      ; None                        ; None                      ; 2.190 ns                ;
; N/A                                     ; 422.83 MHz ( period = 2.365 ns )                    ; vga_control:inst|count_1066_next[2]  ; vga_control:inst|count_1066_next[10] ; clk        ; clk      ; None                        ; None                      ; 2.181 ns                ;
; N/A                                     ; 422.83 MHz ( period = 2.365 ns )                    ; vga_control:inst|count_1066_next[2]  ; vga_control:inst|count_1066_next[5]  ; clk        ; clk      ; None                        ; None                      ; 2.181 ns                ;
; N/A                                     ; 422.83 MHz ( period = 2.365 ns )                    ; vga_control:inst|count_1066_next[2]  ; vga_control:inst|count_1066_next[3]  ; clk        ; clk      ; None                        ; None                      ; 2.181 ns                ;
; N/A                                     ; 422.83 MHz ( period = 2.365 ns )                    ; vga_control:inst|count_1066_next[2]  ; vga_control:inst|count_1066_next[0]  ; clk        ; clk      ; None                        ; None                      ; 2.181 ns                ;
; N/A                                     ; 422.83 MHz ( period = 2.365 ns )                    ; vga_control:inst|count_1066_next[2]  ; vga_control:inst|count_1066_next[9]  ; clk        ; clk      ; None                        ; None                      ; 2.181 ns                ;
; N/A                                     ; 422.83 MHz ( period = 2.365 ns )                    ; vga_control:inst|count_1066_next[2]  ; vga_control:inst|count_1066_next[6]  ; clk        ; clk      ; None                        ; None                      ; 2.181 ns                ;
; N/A                                     ; 422.83 MHz ( period = 2.365 ns )                    ; vga_control:inst|count_1066_next[2]  ; vga_control:inst|count_1066_next[2]  ; clk        ; clk      ; None                        ; None                      ; 2.181 ns                ;
; N/A                                     ; 422.83 MHz ( period = 2.365 ns )                    ; vga_control:inst|count_1066_next[2]  ; vga_control:inst|count_1066_next[4]  ; clk        ; clk      ; None                        ; None                      ; 2.181 ns                ;
; N/A                                     ; 422.83 MHz ( period = 2.365 ns )                    ; vga_control:inst|count_1066_next[2]  ; vga_control:inst|count_1066_next[1]  ; clk        ; clk      ; None                        ; None                      ; 2.181 ns                ;
; N/A                                     ; 422.83 MHz ( period = 2.365 ns )                    ; vga_control:inst|count_1066_next[2]  ; vga_control:inst|count_1066_next[8]  ; clk        ; clk      ; None                        ; None                      ; 2.181 ns                ;
; N/A                                     ; 422.83 MHz ( period = 2.365 ns )                    ; vga_control:inst|count_1066_next[2]  ; vga_control:inst|count_1066_next[7]  ; clk        ; clk      ; None                        ; None                      ; 2.181 ns                ;
; N/A                                     ; 424.63 MHz ( period = 2.355 ns )                    ; vga_control:inst|count_1688_next[3]  ; vga_control:inst|output_colour[3]    ; clk        ; clk      ; None                        ; None                      ; 2.178 ns                ;
; N/A                                     ; 425.71 MHz ( period = 2.349 ns )                    ; vga_control:inst|count_1688_next[3]  ; vga_control:inst|count_1066_next[10] ; clk        ; clk      ; None                        ; None                      ; 2.167 ns                ;
; N/A                                     ; 427.90 MHz ( period = 2.337 ns )                    ; vga_control:inst|count_1688_next[9]  ; vga_control:inst|count_1066_next[9]  ; clk        ; clk      ; None                        ; None                      ; 2.155 ns                ;
; N/A                                     ; 432.15 MHz ( period = 2.314 ns )                    ; vga_control:inst|count_1688_next[3]  ; vga_control:inst|count_1066_next[9]  ; clk        ; clk      ; None                        ; None                      ; 2.132 ns                ;
; N/A                                     ; 432.71 MHz ( period = 2.311 ns )                    ; vga_control:inst|count_1688_next[2]  ; vga_control:inst|output_colour[10]   ; clk        ; clk      ; None                        ; None                      ; 2.133 ns                ;
; N/A                                     ; 434.40 MHz ( period = 2.302 ns )                    ; vga_control:inst|count_1688_next[9]  ; vga_control:inst|count_1066_next[8]  ; clk        ; clk      ; None                        ; None                      ; 2.120 ns                ;
; N/A                                     ; 435.73 MHz ( period = 2.295 ns )                    ; vga_control:inst|count_1066_next[4]  ; vga_control:inst|count_1066_next[10] ; clk        ; clk      ; None                        ; None                      ; 2.111 ns                ;
; N/A                                     ; 435.73 MHz ( period = 2.295 ns )                    ; vga_control:inst|count_1066_next[4]  ; vga_control:inst|count_1066_next[5]  ; clk        ; clk      ; None                        ; None                      ; 2.111 ns                ;
; N/A                                     ; 435.73 MHz ( period = 2.295 ns )                    ; vga_control:inst|count_1066_next[4]  ; vga_control:inst|count_1066_next[3]  ; clk        ; clk      ; None                        ; None                      ; 2.111 ns                ;
; N/A                                     ; 435.73 MHz ( period = 2.295 ns )                    ; vga_control:inst|count_1066_next[4]  ; vga_control:inst|count_1066_next[0]  ; clk        ; clk      ; None                        ; None                      ; 2.111 ns                ;
; N/A                                     ; 435.73 MHz ( period = 2.295 ns )                    ; vga_control:inst|count_1066_next[4]  ; vga_control:inst|count_1066_next[9]  ; clk        ; clk      ; None                        ; None                      ; 2.111 ns                ;
; N/A                                     ; 435.73 MHz ( period = 2.295 ns )                    ; vga_control:inst|count_1066_next[4]  ; vga_control:inst|count_1066_next[6]  ; clk        ; clk      ; None                        ; None                      ; 2.111 ns                ;
; N/A                                     ; 435.73 MHz ( period = 2.295 ns )                    ; vga_control:inst|count_1066_next[4]  ; vga_control:inst|count_1066_next[2]  ; clk        ; clk      ; None                        ; None                      ; 2.111 ns                ;
; N/A                                     ; 435.73 MHz ( period = 2.295 ns )                    ; vga_control:inst|count_1066_next[4]  ; vga_control:inst|count_1066_next[4]  ; clk        ; clk      ; None                        ; None                      ; 2.111 ns                ;
; N/A                                     ; 435.73 MHz ( period = 2.295 ns )                    ; vga_control:inst|count_1066_next[4]  ; vga_control:inst|count_1066_next[1]  ; clk        ; clk      ; None                        ; None                      ; 2.111 ns                ;
; N/A                                     ; 435.73 MHz ( period = 2.295 ns )                    ; vga_control:inst|count_1066_next[4]  ; vga_control:inst|count_1066_next[8]  ; clk        ; clk      ; None                        ; None                      ; 2.111 ns                ;
; N/A                                     ; 435.73 MHz ( period = 2.295 ns )                    ; vga_control:inst|count_1688_next[10] ; vga_control:inst|count_1066_next[7]  ; clk        ; clk      ; None                        ; None                      ; 2.113 ns                ;
; N/A                                     ; 435.73 MHz ( period = 2.295 ns )                    ; vga_control:inst|count_1066_next[4]  ; vga_control:inst|count_1066_next[7]  ; clk        ; clk      ; None                        ; None                      ; 2.111 ns                ;
; N/A                                     ; 438.79 MHz ( period = 2.279 ns )                    ; vga_control:inst|count_1688_next[3]  ; vga_control:inst|count_1066_next[8]  ; clk        ; clk      ; None                        ; None                      ; 2.097 ns                ;
; N/A                                     ; 442.48 MHz ( period = 2.260 ns )                    ; vga_control:inst|count_1688_next[10] ; vga_control:inst|count_1066_next[6]  ; clk        ; clk      ; None                        ; None                      ; 2.078 ns                ;
; N/A                                     ; 444.84 MHz ( period = 2.248 ns )                    ; vga_control:inst|count_1066_next[1]  ; vga_control:inst|output_colour[3]    ; clk        ; clk      ; None                        ; None                      ; 2.069 ns                ;
; N/A                                     ; 446.63 MHz ( period = 2.239 ns )                    ; vga_control:inst|count_1688_next[7]  ; vga_control:inst|output_colour[10]   ; clk        ; clk      ; None                        ; None                      ; 2.061 ns                ;
; N/A                                     ; 446.83 MHz ( period = 2.238 ns )                    ; vga_control:inst|count_1066_next[1]  ; vga_control:inst|output_colour[10]   ; clk        ; clk      ; None                        ; None                      ; 2.058 ns                ;
; N/A                                     ; 449.44 MHz ( period = 2.225 ns )                    ; vga_control:inst|count_1688_next[10] ; vga_control:inst|count_1066_next[5]  ; clk        ; clk      ; None                        ; None                      ; 2.043 ns                ;
; N/A                                     ; 451.06 MHz ( period = 2.217 ns )                    ; vga_control:inst|count_1066_next[2]  ; vga_control:inst|output_colour[3]    ; clk        ; clk      ; None                        ; None                      ; 2.038 ns                ;
; N/A                                     ; 451.88 MHz ( period = 2.213 ns )                    ; vga_control:inst|count_1688_next[4]  ; vga_control:inst|output_colour[3]    ; clk        ; clk      ; None                        ; None                      ; 2.036 ns                ;
; N/A                                     ; 452.69 MHz ( period = 2.209 ns )                    ; vga_control:inst|count_1066_next[8]  ; vga_control:inst|count_1066_next[10] ; clk        ; clk      ; None                        ; None                      ; 2.025 ns                ;
; N/A                                     ; 452.69 MHz ( period = 2.209 ns )                    ; vga_control:inst|count_1066_next[8]  ; vga_control:inst|count_1066_next[5]  ; clk        ; clk      ; None                        ; None                      ; 2.025 ns                ;
; N/A                                     ; 452.69 MHz ( period = 2.209 ns )                    ; vga_control:inst|count_1066_next[8]  ; vga_control:inst|count_1066_next[3]  ; clk        ; clk      ; None                        ; None                      ; 2.025 ns                ;
; N/A                                     ; 452.69 MHz ( period = 2.209 ns )                    ; vga_control:inst|count_1066_next[8]  ; vga_control:inst|count_1066_next[0]  ; clk        ; clk      ; None                        ; None                      ; 2.025 ns                ;
; N/A                                     ; 452.69 MHz ( period = 2.209 ns )                    ; vga_control:inst|count_1066_next[8]  ; vga_control:inst|count_1066_next[9]  ; clk        ; clk      ; None                        ; None                      ; 2.025 ns                ;
; N/A                                     ; 452.69 MHz ( period = 2.209 ns )                    ; vga_control:inst|count_1066_next[8]  ; vga_control:inst|count_1066_next[6]  ; clk        ; clk      ; None                        ; None                      ; 2.025 ns                ;
; N/A                                     ; 452.69 MHz ( period = 2.209 ns )                    ; vga_control:inst|count_1066_next[8]  ; vga_control:inst|count_1066_next[2]  ; clk        ; clk      ; None                        ; None                      ; 2.025 ns                ;
; N/A                                     ; 452.69 MHz ( period = 2.209 ns )                    ; vga_control:inst|count_1066_next[8]  ; vga_control:inst|count_1066_next[4]  ; clk        ; clk      ; None                        ; None                      ; 2.025 ns                ;
; N/A                                     ; 452.69 MHz ( period = 2.209 ns )                    ; vga_control:inst|count_1066_next[8]  ; vga_control:inst|count_1066_next[1]  ; clk        ; clk      ; None                        ; None                      ; 2.025 ns                ;
; N/A                                     ; 452.69 MHz ( period = 2.209 ns )                    ; vga_control:inst|count_1066_next[8]  ; vga_control:inst|count_1066_next[8]  ; clk        ; clk      ; None                        ; None                      ; 2.025 ns                ;
; N/A                                     ; 452.69 MHz ( period = 2.209 ns )                    ; vga_control:inst|count_1066_next[8]  ; vga_control:inst|count_1066_next[7]  ; clk        ; clk      ; None                        ; None                      ; 2.025 ns                ;
; N/A                                     ; 452.90 MHz ( period = 2.208 ns )                    ; vga_control:inst|count_1688_next[6]  ; vga_control:inst|count_1066_next[10] ; clk        ; clk      ; None                        ; None                      ; 2.026 ns                ;
; N/A                                     ; 456.20 MHz ( period = 2.192 ns )                    ; vga_control:inst|count_1066_next[9]  ; vga_control:inst|count_1066_next[10] ; clk        ; clk      ; None                        ; None                      ; 2.008 ns                ;
; N/A                                     ; 456.20 MHz ( period = 2.192 ns )                    ; vga_control:inst|count_1066_next[9]  ; vga_control:inst|count_1066_next[5]  ; clk        ; clk      ; None                        ; None                      ; 2.008 ns                ;
; N/A                                     ; 456.20 MHz ( period = 2.192 ns )                    ; vga_control:inst|count_1066_next[9]  ; vga_control:inst|count_1066_next[3]  ; clk        ; clk      ; None                        ; None                      ; 2.008 ns                ;
; N/A                                     ; 456.20 MHz ( period = 2.192 ns )                    ; vga_control:inst|count_1066_next[9]  ; vga_control:inst|count_1066_next[0]  ; clk        ; clk      ; None                        ; None                      ; 2.008 ns                ;
; N/A                                     ; 456.20 MHz ( period = 2.192 ns )                    ; vga_control:inst|count_1066_next[9]  ; vga_control:inst|count_1066_next[9]  ; clk        ; clk      ; None                        ; None                      ; 2.008 ns                ;
; N/A                                     ; 456.20 MHz ( period = 2.192 ns )                    ; vga_control:inst|count_1066_next[9]  ; vga_control:inst|count_1066_next[6]  ; clk        ; clk      ; None                        ; None                      ; 2.008 ns                ;
; N/A                                     ; 456.20 MHz ( period = 2.192 ns )                    ; vga_control:inst|count_1066_next[9]  ; vga_control:inst|count_1066_next[2]  ; clk        ; clk      ; None                        ; None                      ; 2.008 ns                ;
; N/A                                     ; 456.20 MHz ( period = 2.192 ns )                    ; vga_control:inst|count_1066_next[9]  ; vga_control:inst|count_1066_next[4]  ; clk        ; clk      ; None                        ; None                      ; 2.008 ns                ;
; N/A                                     ; 456.20 MHz ( period = 2.192 ns )                    ; vga_control:inst|count_1066_next[9]  ; vga_control:inst|count_1066_next[1]  ; clk        ; clk      ; None                        ; None                      ; 2.008 ns                ;
; N/A                                     ; 456.20 MHz ( period = 2.192 ns )                    ; vga_control:inst|count_1066_next[9]  ; vga_control:inst|count_1066_next[8]  ; clk        ; clk      ; None                        ; None                      ; 2.008 ns                ;
; N/A                                     ; 456.20 MHz ( period = 2.192 ns )                    ; vga_control:inst|count_1066_next[9]  ; vga_control:inst|count_1066_next[7]  ; clk        ; clk      ; None                        ; None                      ; 2.008 ns                ;
; N/A                                     ; 456.62 MHz ( period = 2.190 ns )                    ; vga_control:inst|count_1688_next[10] ; vga_control:inst|count_1066_next[4]  ; clk        ; clk      ; None                        ; None                      ; 2.008 ns                ;
; N/A                                     ; 458.30 MHz ( period = 2.182 ns )                    ; vga_control:inst|count_1066_next[1]  ; vga_control:inst|output_colour[7]    ; clk        ; clk      ; None                        ; None                      ; 2.003 ns                ;
; N/A                                     ; 459.14 MHz ( period = 2.178 ns )                    ; vga_control:inst|count_1688_next[9]  ; vga_control:inst|count_1066_next[7]  ; clk        ; clk      ; None                        ; None                      ; 1.996 ns                ;
; N/A                                     ; 459.35 MHz ( period = 2.177 ns )                    ; vga_control:inst|count_1066_next[1]  ; vga_control:inst|count_1066_next[10] ; clk        ; clk      ; None                        ; None                      ; 1.993 ns                ;
; N/A                                     ; 459.35 MHz ( period = 2.177 ns )                    ; vga_control:inst|count_1066_next[1]  ; vga_control:inst|count_1066_next[5]  ; clk        ; clk      ; None                        ; None                      ; 1.993 ns                ;
; N/A                                     ; 459.35 MHz ( period = 2.177 ns )                    ; vga_control:inst|count_1066_next[1]  ; vga_control:inst|count_1066_next[3]  ; clk        ; clk      ; None                        ; None                      ; 1.993 ns                ;
; N/A                                     ; 459.35 MHz ( period = 2.177 ns )                    ; vga_control:inst|count_1066_next[1]  ; vga_control:inst|count_1066_next[0]  ; clk        ; clk      ; None                        ; None                      ; 1.993 ns                ;
; N/A                                     ; 459.35 MHz ( period = 2.177 ns )                    ; vga_control:inst|count_1066_next[1]  ; vga_control:inst|count_1066_next[9]  ; clk        ; clk      ; None                        ; None                      ; 1.993 ns                ;
; N/A                                     ; 459.35 MHz ( period = 2.177 ns )                    ; vga_control:inst|count_1066_next[1]  ; vga_control:inst|count_1066_next[6]  ; clk        ; clk      ; None                        ; None                      ; 1.993 ns                ;
; N/A                                     ; 459.35 MHz ( period = 2.177 ns )                    ; vga_control:inst|count_1066_next[1]  ; vga_control:inst|count_1066_next[2]  ; clk        ; clk      ; None                        ; None                      ; 1.993 ns                ;
; N/A                                     ; 459.35 MHz ( period = 2.177 ns )                    ; vga_control:inst|count_1066_next[1]  ; vga_control:inst|count_1066_next[4]  ; clk        ; clk      ; None                        ; None                      ; 1.993 ns                ;
; N/A                                     ; 459.35 MHz ( period = 2.177 ns )                    ; vga_control:inst|count_1066_next[1]  ; vga_control:inst|count_1066_next[1]  ; clk        ; clk      ; None                        ; None                      ; 1.993 ns                ;
; N/A                                     ; 459.35 MHz ( period = 2.177 ns )                    ; vga_control:inst|count_1066_next[1]  ; vga_control:inst|count_1066_next[8]  ; clk        ; clk      ; None                        ; None                      ; 1.993 ns                ;
; N/A                                     ; 459.35 MHz ( period = 2.177 ns )                    ; vga_control:inst|count_1066_next[1]  ; vga_control:inst|count_1066_next[7]  ; clk        ; clk      ; None                        ; None                      ; 1.993 ns                ;
; N/A                                     ; 460.19 MHz ( period = 2.173 ns )                    ; vga_control:inst|count_1688_next[6]  ; vga_control:inst|count_1066_next[9]  ; clk        ; clk      ; None                        ; None                      ; 1.991 ns                ;
; N/A                                     ; 461.68 MHz ( period = 2.166 ns )                    ; vga_control:inst|count_1688_next[4]  ; vga_control:inst|output_colour[10]   ; clk        ; clk      ; None                        ; None                      ; 1.988 ns                ;
; N/A                                     ; 462.11 MHz ( period = 2.164 ns )                    ; vga_control:inst|count_1688_next[2]  ; vga_control:inst|output_colour[7]    ; clk        ; clk      ; None                        ; None                      ; 1.987 ns                ;
; N/A                                     ; 462.32 MHz ( period = 2.163 ns )                    ; vga_control:inst|count_1688_next[5]  ; vga_control:inst|output_colour[10]   ; clk        ; clk      ; None                        ; None                      ; 1.985 ns                ;
; N/A                                     ; 464.04 MHz ( period = 2.155 ns )                    ; vga_control:inst|count_1688_next[10] ; vga_control:inst|count_1066_next[3]  ; clk        ; clk      ; None                        ; None                      ; 1.973 ns                ;
; N/A                                     ; 464.04 MHz ( period = 2.155 ns )                    ; vga_control:inst|count_1688_next[3]  ; vga_control:inst|count_1066_next[7]  ; clk        ; clk      ; None                        ; None                      ; 1.973 ns                ;
; N/A                                     ; 464.90 MHz ( period = 2.151 ns )                    ; vga_control:inst|count_1066_next[2]  ; vga_control:inst|output_colour[7]    ; clk        ; clk      ; None                        ; None                      ; 1.972 ns                ;
; N/A                                     ; 465.33 MHz ( period = 2.149 ns )                    ; vga_control:inst|count_1688_next[2]  ; vga_control:inst|output_colour[3]    ; clk        ; clk      ; None                        ; None                      ; 1.972 ns                ;
; N/A                                     ; 466.64 MHz ( period = 2.143 ns )                    ; vga_control:inst|count_1688_next[9]  ; vga_control:inst|count_1066_next[6]  ; clk        ; clk      ; None                        ; None                      ; 1.961 ns                ;
; N/A                                     ; 467.51 MHz ( period = 2.139 ns )                    ; vga_control:inst|count_1066_next[3]  ; vga_control:inst|output_colour[10]   ; clk        ; clk      ; None                        ; None                      ; 1.959 ns                ;
; N/A                                     ; 467.73 MHz ( period = 2.138 ns )                    ; vga_control:inst|count_1688_next[6]  ; vga_control:inst|count_1066_next[8]  ; clk        ; clk      ; None                        ; None                      ; 1.956 ns                ;
; N/A                                     ; 468.60 MHz ( period = 2.134 ns )                    ; vga_control:inst|count_1688_next[5]  ; vga_control:inst|count_1066_next[10] ; clk        ; clk      ; None                        ; None                      ; 1.952 ns                ;
; N/A                                     ; 469.92 MHz ( period = 2.128 ns )                    ; vga_control:inst|count_1688_next[6]  ; vga_control:inst|output_colour[3]    ; clk        ; clk      ; None                        ; None                      ; 1.951 ns                ;
; N/A                                     ; 471.70 MHz ( period = 2.120 ns )                    ; vga_control:inst|count_1688_next[3]  ; vga_control:inst|count_1066_next[6]  ; clk        ; clk      ; None                        ; None                      ; 1.938 ns                ;
; N/A                                     ; 471.70 MHz ( period = 2.120 ns )                    ; vga_control:inst|count_1688_next[10] ; vga_control:inst|count_1066_next[2]  ; clk        ; clk      ; None                        ; None                      ; 1.938 ns                ;
; N/A                                     ; 472.14 MHz ( period = 2.118 ns )                    ; vga_control:inst|count_1688_next[2]  ; vga_control:inst|count_1066_next[10] ; clk        ; clk      ; None                        ; None                      ; 1.936 ns                ;
; N/A                                     ; 472.37 MHz ( period = 2.117 ns )                    ; vga_control:inst|count_1066_next[6]  ; vga_control:inst|output_colour[3]    ; clk        ; clk      ; None                        ; None                      ; 1.938 ns                ;
; N/A                                     ; 474.38 MHz ( period = 2.108 ns )                    ; vga_control:inst|count_1688_next[9]  ; vga_control:inst|count_1066_next[5]  ; clk        ; clk      ; None                        ; None                      ; 1.926 ns                ;
; N/A                                     ; 474.38 MHz ( period = 2.108 ns )                    ; vga_control:inst|count_1066_next[2]  ; vga_control:inst|output_colour[10]   ; clk        ; clk      ; None                        ; None                      ; 1.928 ns                ;
; N/A                                     ; 476.42 MHz ( period = 2.099 ns )                    ; vga_control:inst|count_1688_next[5]  ; vga_control:inst|count_1066_next[9]  ; clk        ; clk      ; None                        ; None                      ; 1.917 ns                ;
; N/A                                     ; 478.01 MHz ( period = 2.092 ns )                    ; vga_control:inst|count_1688_next[7]  ; vga_control:inst|output_colour[7]    ; clk        ; clk      ; None                        ; None                      ; 1.915 ns                ;
; N/A                                     ; 479.62 MHz ( period = 2.085 ns )                    ; vga_control:inst|count_1688_next[3]  ; vga_control:inst|count_1066_next[5]  ; clk        ; clk      ; None                        ; None                      ; 1.903 ns                ;
; N/A                                     ; 479.62 MHz ( period = 2.085 ns )                    ; vga_control:inst|count_1688_next[10] ; vga_control:inst|count_1066_next[1]  ; clk        ; clk      ; None                        ; None                      ; 1.903 ns                ;
; N/A                                     ; 480.08 MHz ( period = 2.083 ns )                    ; vga_control:inst|count_1688_next[2]  ; vga_control:inst|count_1066_next[9]  ; clk        ; clk      ; None                        ; None                      ; 1.901 ns                ;
; N/A                                     ; 481.00 MHz ( period = 2.079 ns )                    ; vga_control:inst|count_1066_next[5]  ; vga_control:inst|count_1066_next[10] ; clk        ; clk      ; None                        ; None                      ; 1.895 ns                ;
; N/A                                     ; 481.00 MHz ( period = 2.079 ns )                    ; vga_control:inst|count_1066_next[5]  ; vga_control:inst|count_1066_next[5]  ; clk        ; clk      ; None                        ; None                      ; 1.895 ns                ;
; N/A                                     ; 481.00 MHz ( period = 2.079 ns )                    ; vga_control:inst|count_1066_next[5]  ; vga_control:inst|count_1066_next[3]  ; clk        ; clk      ; None                        ; None                      ; 1.895 ns                ;
; N/A                                     ; 481.00 MHz ( period = 2.079 ns )                    ; vga_control:inst|count_1066_next[5]  ; vga_control:inst|count_1066_next[0]  ; clk        ; clk      ; None                        ; None                      ; 1.895 ns                ;
; N/A                                     ; 481.00 MHz ( period = 2.079 ns )                    ; vga_control:inst|count_1066_next[5]  ; vga_control:inst|count_1066_next[9]  ; clk        ; clk      ; None                        ; None                      ; 1.895 ns                ;
; N/A                                     ; 481.00 MHz ( period = 2.079 ns )                    ; vga_control:inst|count_1066_next[5]  ; vga_control:inst|count_1066_next[6]  ; clk        ; clk      ; None                        ; None                      ; 1.895 ns                ;
; N/A                                     ; 481.00 MHz ( period = 2.079 ns )                    ; vga_control:inst|count_1066_next[5]  ; vga_control:inst|count_1066_next[2]  ; clk        ; clk      ; None                        ; None                      ; 1.895 ns                ;
; N/A                                     ; 481.00 MHz ( period = 2.079 ns )                    ; vga_control:inst|count_1066_next[5]  ; vga_control:inst|count_1066_next[4]  ; clk        ; clk      ; None                        ; None                      ; 1.895 ns                ;
; N/A                                     ; 481.00 MHz ( period = 2.079 ns )                    ; vga_control:inst|count_1066_next[5]  ; vga_control:inst|count_1066_next[1]  ; clk        ; clk      ; None                        ; None                      ; 1.895 ns                ;
; N/A                                     ; 481.00 MHz ( period = 2.079 ns )                    ; vga_control:inst|count_1066_next[5]  ; vga_control:inst|count_1066_next[8]  ; clk        ; clk      ; None                        ; None                      ; 1.895 ns                ;
; N/A                                     ; 481.00 MHz ( period = 2.079 ns )                    ; vga_control:inst|count_1066_next[5]  ; vga_control:inst|count_1066_next[7]  ; clk        ; clk      ; None                        ; None                      ; 1.895 ns                ;
; N/A                                     ; 482.16 MHz ( period = 2.074 ns )                    ; vga_control:inst|count_1688_next[8]  ; vga_control:inst|count_1066_next[10] ; clk        ; clk      ; None                        ; None                      ; 1.892 ns                ;
; N/A                                     ; 482.39 MHz ( period = 2.073 ns )                    ; vga_control:inst|count_1688_next[9]  ; vga_control:inst|count_1066_next[4]  ; clk        ; clk      ; None                        ; None                      ; 1.891 ns                ;
; N/A                                     ; 482.39 MHz ( period = 2.073 ns )                    ; vga_control:inst|count_1066_next[0]  ; vga_control:inst|output_colour[3]    ; clk        ; clk      ; None                        ; None                      ; 1.894 ns                ;
; N/A                                     ; 483.33 MHz ( period = 2.069 ns )                    ; vga_control:inst|count_1688_next[4]  ; vga_control:inst|count_1066_next[10] ; clk        ; clk      ; None                        ; None                      ; 1.887 ns                ;
; N/A                                     ; 484.50 MHz ( period = 2.064 ns )                    ; vga_control:inst|count_1688_next[5]  ; vga_control:inst|count_1066_next[8]  ; clk        ; clk      ; None                        ; None                      ; 1.882 ns                ;
; N/A                                     ; 485.20 MHz ( period = 2.061 ns )                    ; vga_control:inst|count_1688_next[5]  ; vga_control:inst|output_colour[3]    ; clk        ; clk      ; None                        ; None                      ; 1.884 ns                ;
; N/A                                     ; 486.62 MHz ( period = 2.055 ns )                    ; vga_control:inst|count_1688_next[10] ; vga_control:inst|count_1688_next[7]  ; clk        ; clk      ; None                        ; None                      ; 1.871 ns                ;
; N/A                                     ; 486.62 MHz ( period = 2.055 ns )                    ; vga_control:inst|count_1688_next[10] ; vga_control:inst|count_1688_next[8]  ; clk        ; clk      ; None                        ; None                      ; 1.871 ns                ;
; N/A                                     ; 486.62 MHz ( period = 2.055 ns )                    ; vga_control:inst|count_1688_next[10] ; vga_control:inst|count_1688_next[0]  ; clk        ; clk      ; None                        ; None                      ; 1.871 ns                ;
; N/A                                     ; 486.62 MHz ( period = 2.055 ns )                    ; vga_control:inst|count_1688_next[10] ; vga_control:inst|count_1688_next[2]  ; clk        ; clk      ; None                        ; None                      ; 1.871 ns                ;
; N/A                                     ; 486.62 MHz ( period = 2.055 ns )                    ; vga_control:inst|count_1688_next[10] ; vga_control:inst|count_1688_next[1]  ; clk        ; clk      ; None                        ; None                      ; 1.871 ns                ;
; N/A                                     ; 486.62 MHz ( period = 2.055 ns )                    ; vga_control:inst|count_1688_next[10] ; vga_control:inst|count_1688_next[6]  ; clk        ; clk      ; None                        ; None                      ; 1.871 ns                ;
; N/A                                     ; 486.62 MHz ( period = 2.055 ns )                    ; vga_control:inst|count_1688_next[10] ; vga_control:inst|count_1688_next[3]  ; clk        ; clk      ; None                        ; None                      ; 1.871 ns                ;
; N/A                                     ; 486.62 MHz ( period = 2.055 ns )                    ; vga_control:inst|count_1688_next[10] ; vga_control:inst|count_1688_next[10] ; clk        ; clk      ; None                        ; None                      ; 1.871 ns                ;
; N/A                                     ; 486.62 MHz ( period = 2.055 ns )                    ; vga_control:inst|count_1688_next[10] ; vga_control:inst|count_1688_next[9]  ; clk        ; clk      ; None                        ; None                      ; 1.871 ns                ;
; N/A                                     ; 486.62 MHz ( period = 2.055 ns )                    ; vga_control:inst|count_1688_next[10] ; vga_control:inst|count_1688_next[4]  ; clk        ; clk      ; None                        ; None                      ; 1.871 ns                ;
; N/A                                     ; 486.62 MHz ( period = 2.055 ns )                    ; vga_control:inst|count_1688_next[10] ; vga_control:inst|count_1688_next[5]  ; clk        ; clk      ; None                        ; None                      ; 1.871 ns                ;
; N/A                                     ; 487.80 MHz ( period = 2.050 ns )                    ; vga_control:inst|count_1688_next[3]  ; vga_control:inst|count_1066_next[4]  ; clk        ; clk      ; None                        ; None                      ; 1.868 ns                ;
; N/A                                     ; 488.04 MHz ( period = 2.049 ns )                    ; vga_control:inst|count_1066_next[3]  ; vga_control:inst|output_colour[7]    ; clk        ; clk      ; None                        ; None                      ; 1.870 ns                ;
; N/A                                     ; 488.28 MHz ( period = 2.048 ns )                    ; vga_control:inst|count_1688_next[0]  ; vga_control:inst|count_1066_next[10] ; clk        ; clk      ; None                        ; None                      ; 1.866 ns                ;
; N/A                                     ; 488.28 MHz ( period = 2.048 ns )                    ; vga_control:inst|count_1688_next[2]  ; vga_control:inst|count_1066_next[8]  ; clk        ; clk      ; None                        ; None                      ; 1.866 ns                ;
; N/A                                     ; 489.48 MHz ( period = 2.043 ns )                    ; vga_control:inst|count_1066_next[5]  ; vga_control:inst|output_colour[3]    ; clk        ; clk      ; None                        ; None                      ; 1.864 ns                ;
; N/A                                     ; 489.96 MHz ( period = 2.041 ns )                    ; vga_control:inst|count_1066_next[3]  ; vga_control:inst|output_colour[3]    ; clk        ; clk      ; None                        ; None                      ; 1.862 ns                ;
; N/A                                     ; 490.44 MHz ( period = 2.039 ns )                    ; vga_control:inst|count_1688_next[8]  ; vga_control:inst|count_1066_next[9]  ; clk        ; clk      ; None                        ; None                      ; 1.857 ns                ;
; N/A                                     ; 490.68 MHz ( period = 2.038 ns )                    ; vga_control:inst|count_1688_next[9]  ; vga_control:inst|count_1066_next[3]  ; clk        ; clk      ; None                        ; None                      ; 1.856 ns                ;
; N/A                                     ; 491.64 MHz ( period = 2.034 ns )                    ; vga_control:inst|count_1688_next[4]  ; vga_control:inst|count_1066_next[9]  ; clk        ; clk      ; None                        ; None                      ; 1.852 ns                ;
; N/A                                     ; 492.37 MHz ( period = 2.031 ns )                    ; vga_control:inst|count_1066_next[3]  ; vga_control:inst|count_1066_next[10] ; clk        ; clk      ; None                        ; None                      ; 1.847 ns                ;
; N/A                                     ; 492.37 MHz ( period = 2.031 ns )                    ; vga_control:inst|count_1066_next[3]  ; vga_control:inst|count_1066_next[5]  ; clk        ; clk      ; None                        ; None                      ; 1.847 ns                ;
; N/A                                     ; 492.37 MHz ( period = 2.031 ns )                    ; vga_control:inst|count_1066_next[3]  ; vga_control:inst|count_1066_next[3]  ; clk        ; clk      ; None                        ; None                      ; 1.847 ns                ;
; N/A                                     ; 492.37 MHz ( period = 2.031 ns )                    ; vga_control:inst|count_1066_next[3]  ; vga_control:inst|count_1066_next[0]  ; clk        ; clk      ; None                        ; None                      ; 1.847 ns                ;
; N/A                                     ; 492.37 MHz ( period = 2.031 ns )                    ; vga_control:inst|count_1066_next[3]  ; vga_control:inst|count_1066_next[9]  ; clk        ; clk      ; None                        ; None                      ; 1.847 ns                ;
; N/A                                     ; 492.37 MHz ( period = 2.031 ns )                    ; vga_control:inst|count_1066_next[3]  ; vga_control:inst|count_1066_next[6]  ; clk        ; clk      ; None                        ; None                      ; 1.847 ns                ;
; N/A                                     ; 492.37 MHz ( period = 2.031 ns )                    ; vga_control:inst|count_1066_next[3]  ; vga_control:inst|count_1066_next[2]  ; clk        ; clk      ; None                        ; None                      ; 1.847 ns                ;
; N/A                                     ; 492.37 MHz ( period = 2.031 ns )                    ; vga_control:inst|count_1066_next[3]  ; vga_control:inst|count_1066_next[4]  ; clk        ; clk      ; None                        ; None                      ; 1.847 ns                ;
; N/A                                     ; 492.37 MHz ( period = 2.031 ns )                    ; vga_control:inst|count_1066_next[3]  ; vga_control:inst|count_1066_next[1]  ; clk        ; clk      ; None                        ; None                      ; 1.847 ns                ;
; N/A                                     ; 492.37 MHz ( period = 2.031 ns )                    ; vga_control:inst|count_1066_next[3]  ; vga_control:inst|count_1066_next[8]  ; clk        ; clk      ; None                        ; None                      ; 1.847 ns                ;
; N/A                                     ; 492.37 MHz ( period = 2.031 ns )                    ; vga_control:inst|count_1066_next[3]  ; vga_control:inst|count_1066_next[7]  ; clk        ; clk      ; None                        ; None                      ; 1.847 ns                ;
; N/A                                     ; 493.10 MHz ( period = 2.028 ns )                    ; vga_control:inst|count_1688_next[6]  ; vga_control:inst|output_colour[10]   ; clk        ; clk      ; None                        ; None                      ; 1.850 ns                ;
; N/A                                     ; 494.32 MHz ( period = 2.023 ns )                    ; vga_control:inst|count_1066_next[7]  ; vga_control:inst|count_1066_next[10] ; clk        ; clk      ; None                        ; None                      ; 1.839 ns                ;
; N/A                                     ; 494.32 MHz ( period = 2.023 ns )                    ; vga_control:inst|count_1066_next[7]  ; vga_control:inst|count_1066_next[5]  ; clk        ; clk      ; None                        ; None                      ; 1.839 ns                ;
; N/A                                     ; 494.32 MHz ( period = 2.023 ns )                    ; vga_control:inst|count_1066_next[7]  ; vga_control:inst|count_1066_next[3]  ; clk        ; clk      ; None                        ; None                      ; 1.839 ns                ;
; N/A                                     ; 494.32 MHz ( period = 2.023 ns )                    ; vga_control:inst|count_1066_next[7]  ; vga_control:inst|count_1066_next[0]  ; clk        ; clk      ; None                        ; None                      ; 1.839 ns                ;
; N/A                                     ; 494.32 MHz ( period = 2.023 ns )                    ; vga_control:inst|count_1066_next[7]  ; vga_control:inst|count_1066_next[9]  ; clk        ; clk      ; None                        ; None                      ; 1.839 ns                ;
; N/A                                     ; 494.32 MHz ( period = 2.023 ns )                    ; vga_control:inst|count_1066_next[7]  ; vga_control:inst|count_1066_next[6]  ; clk        ; clk      ; None                        ; None                      ; 1.839 ns                ;
; N/A                                     ; 494.32 MHz ( period = 2.023 ns )                    ; vga_control:inst|count_1066_next[7]  ; vga_control:inst|count_1066_next[2]  ; clk        ; clk      ; None                        ; None                      ; 1.839 ns                ;
; N/A                                     ; 494.32 MHz ( period = 2.023 ns )                    ; vga_control:inst|count_1066_next[7]  ; vga_control:inst|count_1066_next[4]  ; clk        ; clk      ; None                        ; None                      ; 1.839 ns                ;
; N/A                                     ; 494.32 MHz ( period = 2.023 ns )                    ; vga_control:inst|count_1066_next[7]  ; vga_control:inst|count_1066_next[1]  ; clk        ; clk      ; None                        ; None                      ; 1.839 ns                ;
; N/A                                     ; 494.32 MHz ( period = 2.023 ns )                    ; vga_control:inst|count_1066_next[7]  ; vga_control:inst|count_1066_next[8]  ; clk        ; clk      ; None                        ; None                      ; 1.839 ns                ;
; N/A                                     ; 494.32 MHz ( period = 2.023 ns )                    ; vga_control:inst|count_1066_next[7]  ; vga_control:inst|count_1066_next[7]  ; clk        ; clk      ; None                        ; None                      ; 1.839 ns                ;
; N/A                                     ; 494.56 MHz ( period = 2.022 ns )                    ; vga_control:inst|count_1688_next[10] ; vga_control:inst|count_1066_next[0]  ; clk        ; clk      ; None                        ; None                      ; 1.840 ns                ;
; N/A                                     ; 495.29 MHz ( period = 2.019 ns )                    ; vga_control:inst|count_1688_next[4]  ; vga_control:inst|output_colour[7]    ; clk        ; clk      ; None                        ; None                      ; 1.842 ns                ;
; N/A                                     ; 496.03 MHz ( period = 2.016 ns )                    ; vga_control:inst|count_1688_next[5]  ; vga_control:inst|output_colour[7]    ; clk        ; clk      ; None                        ; None                      ; 1.839 ns                ;
; N/A                                     ; 496.28 MHz ( period = 2.015 ns )                    ; vga_control:inst|count_1688_next[3]  ; vga_control:inst|count_1066_next[3]  ; clk        ; clk      ; None                        ; None                      ; 1.833 ns                ;
; N/A                                     ; 496.52 MHz ( period = 2.014 ns )                    ; vga_control:inst|count_1688_next[6]  ; vga_control:inst|count_1066_next[7]  ; clk        ; clk      ; None                        ; None                      ; 1.832 ns                ;
; N/A                                     ; 496.77 MHz ( period = 2.013 ns )                    ; vga_control:inst|count_1688_next[0]  ; vga_control:inst|count_1066_next[9]  ; clk        ; clk      ; None                        ; None                      ; 1.831 ns                ;
; N/A                                     ; 498.26 MHz ( period = 2.007 ns )                    ; vga_control:inst|count_1066_next[0]  ; vga_control:inst|output_colour[7]    ; clk        ; clk      ; None                        ; None                      ; 1.828 ns                ;
; N/A                                     ; 499.00 MHz ( period = 2.004 ns )                    ; vga_control:inst|count_1688_next[8]  ; vga_control:inst|count_1066_next[8]  ; clk        ; clk      ; None                        ; None                      ; 1.822 ns                ;
; N/A                                     ; 499.25 MHz ( period = 2.003 ns )                    ; vga_control:inst|count_1688_next[9]  ; vga_control:inst|count_1066_next[2]  ; clk        ; clk      ; None                        ; None                      ; 1.821 ns                ;
; N/A                                     ; 499.25 MHz ( period = 2.003 ns )                    ; vga_control:inst|count_1066_next[4]  ; vga_control:inst|output_colour[3]    ; clk        ; clk      ; None                        ; None                      ; 1.824 ns                ;
; N/A                                     ; 500.00 MHz ( period = 2.000 ns )                    ; vga_control:inst|count_1688_next[1]  ; vga_control:inst|count_1066_next[10] ; clk        ; clk      ; None                        ; None                      ; 1.818 ns                ;
; N/A                                     ; Restricted to 500.00 MHz ( period = 2.000 ns )      ; vga_control:inst|count_1688_next[4]  ; vga_control:inst|count_1066_next[8]  ; clk        ; clk      ; None                        ; None                      ; 1.817 ns                ;
; N/A                                     ; Restricted to 500.00 MHz ( period = 2.000 ns )      ; vga_control:inst|count_1688_next[3]  ; vga_control:inst|output_colour[7]    ; clk        ; clk      ; None                        ; None                      ; 1.820 ns                ;
; N/A                                     ; Restricted to 500.00 MHz ( period = 2.000 ns )      ; vga_control:inst|count_1688_next[9]  ; vga_control:inst|output_colour[3]    ; clk        ; clk      ; None                        ; None                      ; 1.804 ns                ;
; N/A                                     ; Restricted to 500.00 MHz ( period = 2.000 ns )      ; vga_control:inst|count_1688_next[3]  ; vga_control:inst|count_1066_next[2]  ; clk        ; clk      ; None                        ; None                      ; 1.798 ns                ;
; N/A                                     ; Restricted to 500.00 MHz ( period = 2.000 ns )      ; vga_control:inst|count_1688_next[6]  ; vga_control:inst|count_1066_next[6]  ; clk        ; clk      ; None                        ; None                      ; 1.797 ns                ;
; Timing analysis restricted to 200 rows. ; To change the limit use Settings (Assignments menu) ;                                      ;                                      ;            ;          ;                             ;                           ;                         ;
+-----------------------------------------+-----------------------------------------------------+--------------------------------------+--------------------------------------+------------+----------+-----------------------------+---------------------------+-------------------------+


+-------------------------------------------------------------------------------------------+
; tsu                                                                                       ;
+-------+--------------+------------+-------+------------------------------------+----------+
; Slack ; Required tsu ; Actual tsu ; From  ; To                                 ; To Clock ;
+-------+--------------+------------+-------+------------------------------------+----------+
; N/A   ; None         ; 3.775 ns   ; mode  ; vga_control:inst|output_colour[3]  ; clk      ;
; N/A   ; None         ; 3.700 ns   ; reset ; vga_control:inst|vsync             ; clk      ;
; N/A   ; None         ; 3.700 ns   ; reset ; vga_control:inst|vsync_reg2        ; clk      ;
; N/A   ; None         ; 3.700 ns   ; reset ; vga_control:inst|hsync             ; clk      ;
; N/A   ; None         ; 3.700 ns   ; reset ; vga_control:inst|hsync_reg2        ; clk      ;
; N/A   ; None         ; 3.700 ns   ; reset ; vga_control:inst|red[2]            ; clk      ;
; N/A   ; None         ; 3.700 ns   ; reset ; vga_control:inst|red[1]            ; clk      ;
; N/A   ; None         ; 3.696 ns   ; reset ; vga_control:inst|blue[3]           ; clk      ;
; N/A   ; None         ; 3.696 ns   ; reset ; vga_control:inst|blue[2]           ; clk      ;
; N/A   ; None         ; 3.696 ns   ; reset ; vga_control:inst|blue[1]           ; clk      ;
; N/A   ; None         ; 3.680 ns   ; reset ; vga_control:inst|blue[0]           ; clk      ;
; N/A   ; None         ; 3.680 ns   ; reset ; vga_control:inst|green[3]          ; clk      ;
; N/A   ; None         ; 3.680 ns   ; reset ; vga_control:inst|green[2]          ; clk      ;
; N/A   ; None         ; 3.680 ns   ; reset ; vga_control:inst|green[1]          ; clk      ;
; N/A   ; None         ; 3.680 ns   ; reset ; vga_control:inst|green[0]          ; clk      ;
; N/A   ; None         ; 3.680 ns   ; reset ; vga_control:inst|red[0]            ; clk      ;
; N/A   ; None         ; 3.593 ns   ; mode  ; vga_control:inst|output_colour[7]  ; clk      ;
; N/A   ; None         ; 3.437 ns   ; mode  ; vga_control:inst|output_colour[10] ; clk      ;
+-------+--------------+------------+-------+------------------------------------+----------+


+------------------------------------------------------------------------------------------------------+
; tco                                                                                                  ;
+-------+--------------+------------+--------------------------------------+--------------+------------+
; Slack ; Required tco ; Actual tco ; From                                 ; To           ; From Clock ;
+-------+--------------+------------+--------------------------------------+--------------+------------+
; N/A   ; None         ; 7.943 ns   ; vga_control:inst|count_1066_next[6]  ; vfin         ; clk        ;
; N/A   ; None         ; 7.863 ns   ; vga_control:inst|count_1066_next[10] ; vfin         ; clk        ;
; N/A   ; None         ; 7.845 ns   ; vga_control:inst|count_1066_next[2]  ; vfin         ; clk        ;
; N/A   ; None         ; 7.775 ns   ; vga_control:inst|count_1066_next[4]  ; vfin         ; clk        ;
; N/A   ; None         ; 7.689 ns   ; vga_control:inst|count_1066_next[8]  ; vfin         ; clk        ;
; N/A   ; None         ; 7.672 ns   ; vga_control:inst|count_1066_next[9]  ; vfin         ; clk        ;
; N/A   ; None         ; 7.657 ns   ; vga_control:inst|count_1066_next[1]  ; vfin         ; clk        ;
; N/A   ; None         ; 7.559 ns   ; vga_control:inst|count_1066_next[5]  ; vfin         ; clk        ;
; N/A   ; None         ; 7.511 ns   ; vga_control:inst|count_1066_next[3]  ; vfin         ; clk        ;
; N/A   ; None         ; 7.503 ns   ; vga_control:inst|count_1066_next[7]  ; vfin         ; clk        ;
; N/A   ; None         ; 7.335 ns   ; vga_control:inst|count_1066_next[0]  ; vfin         ; clk        ;
; N/A   ; None         ; 6.859 ns   ; vga_control:inst|count_1688_next[6]  ; counterh[6]  ; clk        ;
; N/A   ; None         ; 6.771 ns   ; vga_control:inst|blue[1]             ; blue[1]      ; clk        ;
; N/A   ; None         ; 6.728 ns   ; vga_control:inst|count_1066_next[9]  ; counterv[9]  ; clk        ;
; N/A   ; None         ; 6.610 ns   ; vga_control:inst|count_1066_next[3]  ; counterv[3]  ; clk        ;
; N/A   ; None         ; 6.582 ns   ; vga_control:inst|count_1688_next[10] ; hfin         ; clk        ;
; N/A   ; None         ; 6.465 ns   ; vga_control:inst|count_1688_next[9]  ; hfin         ; clk        ;
; N/A   ; None         ; 6.442 ns   ; vga_control:inst|count_1688_next[3]  ; hfin         ; clk        ;
; N/A   ; None         ; 6.365 ns   ; vga_control:inst|hsync               ; hsync        ; clk        ;
; N/A   ; None         ; 6.344 ns   ; vga_control:inst|count_1688_next[8]  ; counterh[8]  ; clk        ;
; N/A   ; None         ; 6.330 ns   ; vga_control:inst|red[2]              ; red[2]       ; clk        ;
; N/A   ; None         ; 6.309 ns   ; vga_control:inst|green[2]            ; green[2]     ; clk        ;
; N/A   ; None         ; 6.309 ns   ; vga_control:inst|vsync               ; vsync        ; clk        ;
; N/A   ; None         ; 6.301 ns   ; vga_control:inst|count_1688_next[6]  ; hfin         ; clk        ;
; N/A   ; None         ; 6.251 ns   ; vga_control:inst|count_1066_next[8]  ; counterv[8]  ; clk        ;
; N/A   ; None         ; 6.246 ns   ; vga_control:inst|blue[0]             ; blue[0]      ; clk        ;
; N/A   ; None         ; 6.227 ns   ; vga_control:inst|count_1688_next[5]  ; hfin         ; clk        ;
; N/A   ; None         ; 6.210 ns   ; vga_control:inst|count_1688_next[2]  ; hfin         ; clk        ;
; N/A   ; None         ; 6.166 ns   ; vga_control:inst|count_1688_next[8]  ; hfin         ; clk        ;
; N/A   ; None         ; 6.162 ns   ; vga_control:inst|count_1688_next[4]  ; hfin         ; clk        ;
; N/A   ; None         ; 6.140 ns   ; vga_control:inst|count_1688_next[0]  ; hfin         ; clk        ;
; N/A   ; None         ; 6.092 ns   ; vga_control:inst|count_1688_next[1]  ; hfin         ; clk        ;
; N/A   ; None         ; 6.047 ns   ; vga_control:inst|count_1688_next[7]  ; hfin         ; clk        ;
; N/A   ; None         ; 6.001 ns   ; vga_control:inst|red[0]              ; red[0]       ; clk        ;
; N/A   ; None         ; 5.849 ns   ; vga_control:inst|blue[2]             ; blue[2]      ; clk        ;
; N/A   ; None         ; 5.785 ns   ; vga_control:inst|blue[3]             ; blue[3]      ; clk        ;
; N/A   ; None         ; 5.719 ns   ; vga_control:inst|count_1688_next[9]  ; counterh[9]  ; clk        ;
; N/A   ; None         ; 5.675 ns   ; vga_control:inst|count_1066_next[2]  ; counterv[2]  ; clk        ;
; N/A   ; None         ; 5.673 ns   ; vga_control:inst|count_1066_next[6]  ; counterv[6]  ; clk        ;
; N/A   ; None         ; 5.664 ns   ; vga_control:inst|count_1066_next[4]  ; counterv[4]  ; clk        ;
; N/A   ; None         ; 5.661 ns   ; vga_control:inst|count_1066_next[1]  ; counterv[1]  ; clk        ;
; N/A   ; None         ; 5.651 ns   ; vga_control:inst|count_1688_next[2]  ; counterh[2]  ; clk        ;
; N/A   ; None         ; 5.644 ns   ; vga_control:inst|green[0]            ; green[0]     ; clk        ;
; N/A   ; None         ; 5.636 ns   ; vga_control:inst|count_1688_next[4]  ; counterh[4]  ; clk        ;
; N/A   ; None         ; 5.631 ns   ; vga_control:inst|count_1688_next[3]  ; counterh[3]  ; clk        ;
; N/A   ; None         ; 5.629 ns   ; vga_control:inst|count_1688_next[10] ; counterh[10] ; clk        ;
; N/A   ; None         ; 5.603 ns   ; vga_control:inst|count_1066_next[0]  ; counterv[0]  ; clk        ;
; N/A   ; None         ; 5.576 ns   ; vga_control:inst|green[1]            ; green[1]     ; clk        ;
; N/A   ; None         ; 5.455 ns   ; vga_control:inst|count_1066_next[5]  ; counterv[5]  ; clk        ;
; N/A   ; None         ; 5.444 ns   ; vga_control:inst|count_1688_next[1]  ; counterh[1]  ; clk        ;
; N/A   ; None         ; 5.438 ns   ; vga_control:inst|count_1066_next[10] ; counterv[10] ; clk        ;
; N/A   ; None         ; 5.410 ns   ; vga_control:inst|red[1]              ; red[1]       ; clk        ;
; N/A   ; None         ; 5.405 ns   ; vga_control:inst|count_1688_next[7]  ; counterh[7]  ; clk        ;
; N/A   ; None         ; 5.385 ns   ; vga_control:inst|count_1688_next[0]  ; counterh[0]  ; clk        ;
; N/A   ; None         ; 5.383 ns   ; vga_control:inst|count_1688_next[5]  ; counterh[5]  ; clk        ;
; N/A   ; None         ; 5.363 ns   ; vga_control:inst|count_1066_next[7]  ; counterv[7]  ; clk        ;
; N/A   ; None         ; 5.350 ns   ; vga_control:inst|green[3]            ; green[3]     ; clk        ;
+-------+--------------+------------+--------------------------------------+--------------+------------+


+-------------------------------------------------------------------------------------------------+
; th                                                                                              ;
+---------------+-------------+-----------+-------+------------------------------------+----------+
; Minimum Slack ; Required th ; Actual th ; From  ; To                                 ; To Clock ;
+---------------+-------------+-----------+-------+------------------------------------+----------+
; N/A           ; None        ; -2.960 ns ; mode  ; vga_control:inst|output_colour[3]  ; clk      ;
; N/A           ; None        ; -3.004 ns ; mode  ; vga_control:inst|output_colour[7]  ; clk      ;
; N/A           ; None        ; -3.198 ns ; mode  ; vga_control:inst|output_colour[10] ; clk      ;
; N/A           ; None        ; -3.441 ns ; reset ; vga_control:inst|blue[0]           ; clk      ;
; N/A           ; None        ; -3.441 ns ; reset ; vga_control:inst|green[3]          ; clk      ;
; N/A           ; None        ; -3.441 ns ; reset ; vga_control:inst|green[2]          ; clk      ;
; N/A           ; None        ; -3.441 ns ; reset ; vga_control:inst|green[1]          ; clk      ;
; N/A           ; None        ; -3.441 ns ; reset ; vga_control:inst|green[0]          ; clk      ;
; N/A           ; None        ; -3.441 ns ; reset ; vga_control:inst|red[0]            ; clk      ;
; N/A           ; None        ; -3.457 ns ; reset ; vga_control:inst|blue[3]           ; clk      ;
; N/A           ; None        ; -3.457 ns ; reset ; vga_control:inst|blue[2]           ; clk      ;
; N/A           ; None        ; -3.457 ns ; reset ; vga_control:inst|blue[1]           ; clk      ;
; N/A           ; None        ; -3.461 ns ; reset ; vga_control:inst|vsync             ; clk      ;
; N/A           ; None        ; -3.461 ns ; reset ; vga_control:inst|vsync_reg2        ; clk      ;
; N/A           ; None        ; -3.461 ns ; reset ; vga_control:inst|hsync             ; clk      ;
; N/A           ; None        ; -3.461 ns ; reset ; vga_control:inst|hsync_reg2        ; clk      ;
; N/A           ; None        ; -3.461 ns ; reset ; vga_control:inst|red[2]            ; clk      ;
; N/A           ; None        ; -3.461 ns ; reset ; vga_control:inst|red[1]            ; clk      ;
+---------------+-------------+-----------+-------+------------------------------------+----------+


+--------------------------+
; Timing Analyzer Messages ;
+--------------------------+
Info: *******************************************************************
Info: Running Quartus II Classic Timing Analyzer
    Info: Version 9.0 Build 184 04/29/2009 Service Pack 1 SJ Web Edition
    Info: Processing started: Tue Oct 10 15:38:51 2017
Info: Command: quartus_tan --read_settings_files=off --write_settings_files=off Lab3 -c Lab3 --timing_analysis_only
Warning: Found pins functioning as undefined clocks and/or memory enables
    Info: Assuming node "clk" is an undefined clock
Info: Clock "clk" has Internal fmax of 401.77 MHz between source register "vga_control:inst|count_1688_next[10]" and destination register "vga_control:inst|count_1066_next[10]" (period= 2.489 ns)
    Info: + Longest register to register delay is 2.307 ns
        Info: 1: + IC(0.000 ns) + CELL(0.000 ns) = 0.000 ns; Loc. = LCFF_X6_Y8_N21; Fanout = 7; REG Node = 'vga_control:inst|count_1688_next[10]'
        Info: 2: + IC(0.537 ns) + CELL(0.357 ns) = 0.894 ns; Loc. = LCCOMB_X7_Y8_N30; Fanout = 2; COMB Node = 'vga_control:inst|Equal0~2'
        Info: 3: + IC(0.207 ns) + CELL(0.053 ns) = 1.154 ns; Loc. = LCCOMB_X7_Y8_N26; Fanout = 13; COMB Node = 'vga_control:inst|Equal0~1DUPLICATE'
        Info: 4: + IC(0.218 ns) + CELL(0.309 ns) = 1.681 ns; Loc. = LCCOMB_X7_Y8_N0; Fanout = 2; COMB Node = 'vga_control:inst|Add1~2'
        Info: 5: + IC(0.000 ns) + CELL(0.035 ns) = 1.716 ns; Loc. = LCCOMB_X7_Y8_N2; Fanout = 2; COMB Node = 'vga_control:inst|Add1~6'
        Info: 6: + IC(0.000 ns) + CELL(0.035 ns) = 1.751 ns; Loc. = LCCOMB_X7_Y8_N4; Fanout = 2; COMB Node = 'vga_control:inst|Add1~10'
        Info: 7: + IC(0.000 ns) + CELL(0.035 ns) = 1.786 ns; Loc. = LCCOMB_X7_Y8_N6; Fanout = 2; COMB Node = 'vga_control:inst|Add1~14'
        Info: 8: + IC(0.000 ns) + CELL(0.035 ns) = 1.821 ns; Loc. = LCCOMB_X7_Y8_N8; Fanout = 2; COMB Node = 'vga_control:inst|Add1~18'
        Info: 9: + IC(0.000 ns) + CELL(0.035 ns) = 1.856 ns; Loc. = LCCOMB_X7_Y8_N10; Fanout = 2; COMB Node = 'vga_control:inst|Add1~22'
        Info: 10: + IC(0.000 ns) + CELL(0.035 ns) = 1.891 ns; Loc. = LCCOMB_X7_Y8_N12; Fanout = 2; COMB Node = 'vga_control:inst|Add1~26'
        Info: 11: + IC(0.000 ns) + CELL(0.124 ns) = 2.015 ns; Loc. = LCCOMB_X7_Y8_N14; Fanout = 2; COMB Node = 'vga_control:inst|Add1~30'
        Info: 12: + IC(0.000 ns) + CELL(0.035 ns) = 2.050 ns; Loc. = LCCOMB_X7_Y8_N16; Fanout = 2; COMB Node = 'vga_control:inst|Add1~34'
        Info: 13: + IC(0.000 ns) + CELL(0.035 ns) = 2.085 ns; Loc. = LCCOMB_X7_Y8_N18; Fanout = 1; COMB Node = 'vga_control:inst|Add1~38'
        Info: 14: + IC(0.000 ns) + CELL(0.125 ns) = 2.210 ns; Loc. = LCCOMB_X7_Y8_N20; Fanout = 1; COMB Node = 'vga_control:inst|Add1~41'
        Info: 15: + IC(0.000 ns) + CELL(0.097 ns) = 2.307 ns; Loc. = LCFF_X7_Y8_N21; Fanout = 7; REG Node = 'vga_control:inst|count_1066_next[10]'
        Info: Total cell delay = 1.345 ns ( 58.30 % )
        Info: Total interconnect delay = 0.962 ns ( 41.70 % )
    Info: - Smallest clock skew is 0.002 ns
        Info: + Shortest clock path from clock "clk" to destination register is 2.476 ns
            Info: 1: + IC(0.000 ns) + CELL(0.854 ns) = 0.854 ns; Loc. = PIN_N20; Fanout = 1; CLK Node = 'clk'
            Info: 2: + IC(0.343 ns) + CELL(0.000 ns) = 1.197 ns; Loc. = CLKCTRL_G3; Fanout = 40; COMB Node = 'clk~clkctrl'
            Info: 3: + IC(0.661 ns) + CELL(0.618 ns) = 2.476 ns; Loc. = LCFF_X7_Y8_N21; Fanout = 7; REG Node = 'vga_control:inst|count_1066_next[10]'
            Info: Total cell delay = 1.472 ns ( 59.45 % )
            Info: Total interconnect delay = 1.004 ns ( 40.55 % )
        Info: - Longest clock path from clock "clk" to source register is 2.474 ns
            Info: 1: + IC(0.000 ns) + CELL(0.854 ns) = 0.854 ns; Loc. = PIN_N20; Fanout = 1; CLK Node = 'clk'
            Info: 2: + IC(0.343 ns) + CELL(0.000 ns) = 1.197 ns; Loc. = CLKCTRL_G3; Fanout = 40; COMB Node = 'clk~clkctrl'
            Info: 3: + IC(0.659 ns) + CELL(0.618 ns) = 2.474 ns; Loc. = LCFF_X6_Y8_N21; Fanout = 7; REG Node = 'vga_control:inst|count_1688_next[10]'
            Info: Total cell delay = 1.472 ns ( 59.50 % )
            Info: Total interconnect delay = 1.002 ns ( 40.50 % )
    Info: + Micro clock to output delay of source is 0.094 ns
    Info: + Micro setup delay of destination is 0.090 ns
Info: tsu for register "vga_control:inst|output_colour[3]" (data pin = "mode", clock pin = "clk") is 3.775 ns
    Info: + Longest pin to register delay is 6.166 ns
        Info: 1: + IC(0.000 ns) + CELL(0.830 ns) = 0.830 ns; Loc. = PIN_R2; Fanout = 5; PIN Node = 'mode'
        Info: 2: + IC(4.387 ns) + CELL(0.357 ns) = 5.574 ns; Loc. = LCCOMB_X10_Y8_N12; Fanout = 1; COMB Node = 'vga_control:inst|output_colour~38'
        Info: 3: + IC(0.212 ns) + CELL(0.225 ns) = 6.011 ns; Loc. = LCCOMB_X10_Y8_N22; Fanout = 1; COMB Node = 'vga_control:inst|output_colour~41'
        Info: 4: + IC(0.000 ns) + CELL(0.155 ns) = 6.166 ns; Loc. = LCFF_X10_Y8_N23; Fanout = 4; REG Node = 'vga_control:inst|output_colour[3]'
        Info: Total cell delay = 1.567 ns ( 25.41 % )
        Info: Total interconnect delay = 4.599 ns ( 74.59 % )
    Info: + Micro setup delay of destination is 0.090 ns
    Info: - Shortest clock path from clock "clk" to destination register is 2.481 ns
        Info: 1: + IC(0.000 ns) + CELL(0.854 ns) = 0.854 ns; Loc. = PIN_N20; Fanout = 1; CLK Node = 'clk'
        Info: 2: + IC(0.343 ns) + CELL(0.000 ns) = 1.197 ns; Loc. = CLKCTRL_G3; Fanout = 40; COMB Node = 'clk~clkctrl'
        Info: 3: + IC(0.666 ns) + CELL(0.618 ns) = 2.481 ns; Loc. = LCFF_X10_Y8_N23; Fanout = 4; REG Node = 'vga_control:inst|output_colour[3]'
        Info: Total cell delay = 1.472 ns ( 59.33 % )
        Info: Total interconnect delay = 1.009 ns ( 40.67 % )
Info: tco from clock "clk" to destination pin "vfin" through register "vga_control:inst|count_1066_next[6]" is 7.943 ns
    Info: + Longest clock path from clock "clk" to source register is 2.476 ns
        Info: 1: + IC(0.000 ns) + CELL(0.854 ns) = 0.854 ns; Loc. = PIN_N20; Fanout = 1; CLK Node = 'clk'
        Info: 2: + IC(0.343 ns) + CELL(0.000 ns) = 1.197 ns; Loc. = CLKCTRL_G3; Fanout = 40; COMB Node = 'clk~clkctrl'
        Info: 3: + IC(0.661 ns) + CELL(0.618 ns) = 2.476 ns; Loc. = LCFF_X7_Y8_N13; Fanout = 7; REG Node = 'vga_control:inst|count_1066_next[6]'
        Info: Total cell delay = 1.472 ns ( 59.45 % )
        Info: Total interconnect delay = 1.004 ns ( 40.55 % )
    Info: + Micro clock to output delay of source is 0.094 ns
    Info: + Longest register to pin delay is 5.373 ns
        Info: 1: + IC(0.000 ns) + CELL(0.000 ns) = 0.000 ns; Loc. = LCFF_X7_Y8_N13; Fanout = 7; REG Node = 'vga_control:inst|count_1066_next[6]'
        Info: 2: + IC(0.558 ns) + CELL(0.346 ns) = 0.904 ns; Loc. = LCCOMB_X9_Y8_N14; Fanout = 2; COMB Node = 'vga_control:inst|Equal1~1'
        Info: 3: + IC(0.245 ns) + CELL(0.228 ns) = 1.377 ns; Loc. = LCCOMB_X9_Y8_N18; Fanout = 12; COMB Node = 'vga_control:inst|Equal1~2'
        Info: 4: + IC(2.054 ns) + CELL(1.942 ns) = 5.373 ns; Loc. = PIN_H14; Fanout = 0; PIN Node = 'vfin'
        Info: Total cell delay = 2.516 ns ( 46.83 % )
        Info: Total interconnect delay = 2.857 ns ( 53.17 % )
Info: th for register "vga_control:inst|output_colour[3]" (data pin = "mode", clock pin = "clk") is -2.960 ns
    Info: + Longest clock path from clock "clk" to destination register is 2.481 ns
        Info: 1: + IC(0.000 ns) + CELL(0.854 ns) = 0.854 ns; Loc. = PIN_N20; Fanout = 1; CLK Node = 'clk'
        Info: 2: + IC(0.343 ns) + CELL(0.000 ns) = 1.197 ns; Loc. = CLKCTRL_G3; Fanout = 40; COMB Node = 'clk~clkctrl'
        Info: 3: + IC(0.666 ns) + CELL(0.618 ns) = 2.481 ns; Loc. = LCFF_X10_Y8_N23; Fanout = 4; REG Node = 'vga_control:inst|output_colour[3]'
        Info: Total cell delay = 1.472 ns ( 59.33 % )
        Info: Total interconnect delay = 1.009 ns ( 40.67 % )
    Info: + Micro hold delay of destination is 0.149 ns
    Info: - Shortest pin to register delay is 5.590 ns
        Info: 1: + IC(0.000 ns) + CELL(0.830 ns) = 0.830 ns; Loc. = PIN_R2; Fanout = 5; PIN Node = 'mode'
        Info: 2: + IC(4.377 ns) + CELL(0.228 ns) = 5.435 ns; Loc. = LCCOMB_X10_Y8_N22; Fanout = 1; COMB Node = 'vga_control:inst|output_colour~41'
        Info: 3: + IC(0.000 ns) + CELL(0.155 ns) = 5.590 ns; Loc. = LCFF_X10_Y8_N23; Fanout = 4; REG Node = 'vga_control:inst|output_colour[3]'
        Info: Total cell delay = 1.213 ns ( 21.70 % )
        Info: Total interconnect delay = 4.377 ns ( 78.30 % )
Info: Quartus II Classic Timing Analyzer was successful. 0 errors, 1 warning
    Info: Peak virtual memory: 212 megabytes
    Info: Processing ended: Tue Oct 10 15:38:51 2017
    Info: Elapsed time: 00:00:00
    Info: Total CPU time (on all processors): 00:00:00


